Flow report for VeriogSingleCycleMIPS
Sat Jul 06 03:53:13 2024
Quartus II 64-Bit Version 13.0.1 Build 232 06/12/2013 Service Pack 1 SJ Web Edition


---------------------
; Table of Contents ;
---------------------
  1. Legal Notice
  2. Flow Summary
  3. Flow Settings
  4. Flow Non-Default Global Settings
  5. Flow Elapsed Time
  6. Flow OS Summary
  7. Flow Log
  8. Flow Messages
  9. Flow Suppressed Messages



----------------
; Legal Notice ;
----------------
Copyright (C) 1991-2013 Altera Corporation
Your use of Altera Corporation's design tools, logic functions 
and other software and tools, and its AMPP partner logic 
functions, and any output files from any of the foregoing 
(including device programming or simulation files), and any 
associated documentation or information are expressly subject 
to the terms and conditions of the Altera Program License 
Subscription Agreement, Altera MegaCore Function License 
Agreement, or other applicable license agreement, including, 
without limitation, that your use is for the sole purpose of 
programming logic devices manufactured by Altera and sold by 
Altera or its authorized distributors.  Please refer to the 
applicable agreement for further details.



+--------------------------------------------------------------------------------------+
; Flow Summary                                                                         ;
+------------------------------------+-------------------------------------------------+
; Flow Status                        ; Successful - Sat Jul 06 03:53:13 2024           ;
; Quartus II 64-Bit Version          ; 13.0.1 Build 232 06/12/2013 SP 1 SJ Web Edition ;
; Revision Name                      ; VeriogSingleCycleMIPS                           ;
; Top-level Entity Name              ; ProcessorMIPS                                   ;
; Family                             ; Cyclone IV E                                    ;
; Total logic elements               ; 176 / 6,272 ( 3 % )                             ;
;     Total combinational functions  ; 171 / 6,272 ( 3 % )                             ;
;     Dedicated logic registers      ; 14 / 6,272 ( < 1 % )                            ;
; Total registers                    ; 14                                              ;
; Total pins                         ; 49 / 92 ( 53 % )                                ;
; Total virtual pins                 ; 0                                               ;
; Total memory bits                  ; 10,240 / 276,480 ( 4 % )                        ;
; Embedded Multiplier 9-bit elements ; 0 / 30 ( 0 % )                                  ;
; Total PLLs                         ; 0 / 2 ( 0 % )                                   ;
; Device                             ; EP4CE6E22C6                                     ;
; Timing Models                      ; Final                                           ;
+------------------------------------+-------------------------------------------------+


+-------------------------------------------+
; Flow Settings                             ;
+-------------------+-----------------------+
; Option            ; Setting               ;
+-------------------+-----------------------+
; Start date & time ; 07/06/2024 03:52:58   ;
; Main task         ; Compilation           ;
; Revision Name     ; VeriogSingleCycleMIPS ;
+-------------------+-----------------------+


+--------------------------------------------------------------------------------------------------------------------------------+
; Flow Non-Default Global Settings                                                                                               ;
+-------------------------------------+---------------------------------+-----------------------+---------------+----------------+
; Assignment Name                     ; Value                           ; Default Value         ; Entity Name   ; Section Id     ;
+-------------------------------------+---------------------------------+-----------------------+---------------+----------------+
; COMPILER_SIGNATURE_ID               ; 168151388197726.172025237808376 ; --                    ; --            ; --             ;
; EDA_GENERATE_FUNCTIONAL_NETLIST     ; On                              ; --                    ; --            ; eda_simulation ;
; EDA_OUTPUT_DATA_FORMAT              ; Verilog Hdl                     ; --                    ; --            ; eda_simulation ;
; EDA_SIMULATION_TOOL                 ; ModelSim-Altera (Verilog)       ; <None>                ; --            ; --             ;
; IP_TOOL_NAME                        ; ROM: 1-PORT                     ; --                    ; --            ; --             ;
; IP_TOOL_NAME                        ; RAM: 1-PORT                     ; --                    ; --            ; --             ;
; IP_TOOL_VERSION                     ; 13.0                            ; --                    ; --            ; --             ;
; IP_TOOL_VERSION                     ; 13.0                            ; --                    ; --            ; --             ;
; MISC_FILE                           ; ROM1Port_bb.v                   ; --                    ; --            ; --             ;
; MISC_FILE                           ; RAM1Port_bb.v                   ; --                    ; --            ; --             ;
; PARTITION_COLOR                     ; 16764057                        ; --                    ; ProcessorMIPS ; Top            ;
; PARTITION_FITTER_PRESERVATION_LEVEL ; PLACEMENT_AND_ROUTING           ; --                    ; ProcessorMIPS ; Top            ;
; PARTITION_NETLIST_TYPE              ; SOURCE                          ; --                    ; ProcessorMIPS ; Top            ;
; PROJECT_OUTPUT_DIRECTORY            ; output_files                    ; --                    ; --            ; --             ;
; TOP_LEVEL_ENTITY                    ; ProcessorMIPS                   ; VeriogSingleCycleMIPS ; --            ; --             ;
+-------------------------------------+---------------------------------+-----------------------+---------------+----------------+


+-------------------------------------------------------------------------------------------------------------------------------+
; Flow Elapsed Time                                                                                                             ;
+---------------------------+--------------+-------------------------+---------------------+------------------------------------+
; Module Name               ; Elapsed Time ; Average Processors Used ; Peak Virtual Memory ; Total CPU Time (on all processors) ;
+---------------------------+--------------+-------------------------+---------------------+------------------------------------+
; Analysis & Synthesis      ; 00:00:03     ; 1.0                     ; 4596 MB             ; 00:00:02                           ;
; Fitter                    ; 00:00:06     ; 1.0                     ; 4924 MB             ; 00:00:04                           ;
; Assembler                 ; 00:00:01     ; 1.0                     ; 4532 MB             ; 00:00:00                           ;
; TimeQuest Timing Analyzer ; 00:00:02     ; 1.0                     ; 4613 MB             ; 00:00:01                           ;
; EDA Netlist Writer        ; 00:00:00     ; 1.0                     ; 4501 MB             ; 00:00:00                           ;
; Total                     ; 00:00:12     ; --                      ; --                  ; 00:00:07                           ;
+---------------------------+--------------+-------------------------+---------------------+------------------------------------+


+----------------------------------------------------------------------------------------+
; Flow OS Summary                                                                        ;
+---------------------------+------------------+-----------+------------+----------------+
; Module Name               ; Machine Hostname ; OS Name   ; OS Version ; Processor type ;
+---------------------------+------------------+-----------+------------+----------------+
; Analysis & Synthesis      ; Harry            ; Windows 7 ; 6.2        ; x86_64         ;
; Fitter                    ; Harry            ; Windows 7 ; 6.2        ; x86_64         ;
; Assembler                 ; Harry            ; Windows 7 ; 6.2        ; x86_64         ;
; TimeQuest Timing Analyzer ; Harry            ; Windows 7 ; 6.2        ; x86_64         ;
; EDA Netlist Writer        ; Harry            ; Windows 7 ; 6.2        ; x86_64         ;
+---------------------------+------------------+-----------+------------+----------------+


------------
; Flow Log ;
------------
quartus_map --read_settings_files=on --write_settings_files=off VeriogSingleCycleMIPS -c VeriogSingleCycleMIPS
quartus_fit --read_settings_files=off --write_settings_files=off VeriogSingleCycleMIPS -c VeriogSingleCycleMIPS
quartus_asm --read_settings_files=off --write_settings_files=off VeriogSingleCycleMIPS -c VeriogSingleCycleMIPS
quartus_sta VeriogSingleCycleMIPS -c VeriogSingleCycleMIPS
quartus_eda --read_settings_files=off --write_settings_files=off VeriogSingleCycleMIPS -c VeriogSingleCycleMIPS



